<?xml version="1.0" encoding="UTF-8"?>
<testsuite name="project.warehouse_manager.UnitTest" time="0.439" tests="22" errors="0" skipped="0" failures="0">
  <properties>
    <property name="java.runtime.name" value="Java(TM) SE Runtime Environment"/>
    <property name="sun.boot.library.path" value="C:\Program Files\Java\jdk1.7.0_10\jre\bin"/>
    <property name="java.vm.version" value="23.6-b04"/>
    <property name="java.vm.vendor" value="Oracle Corporation"/>
    <property name="maven.multiModuleProjectDirectory" value="C:\Users\zera\git\warehouse-manager"/>
    <property name="java.vendor.url" value="http://java.oracle.com/"/>
    <property name="path.separator" value=";"/>
    <property name="guice.disable.misplaced.annotation.check" value="true"/>
    <property name="java.vm.name" value="Java HotSpot(TM) 64-Bit Server VM"/>
    <property name="file.encoding.pkg" value="sun.io"/>
    <property name="user.script" value=""/>
    <property name="user.country" value="US"/>
    <property name="sun.java.launcher" value="SUN_STANDARD"/>
    <property name="sun.os.patch.level" value="Service Pack 1"/>
    <property name="java.vm.specification.name" value="Java Virtual Machine Specification"/>
    <property name="user.dir" value="C:\Users\zera\git\warehouse-manager"/>
    <property name="java.runtime.version" value="1.7.0_10-b18"/>
    <property name="java.awt.graphicsenv" value="sun.awt.Win32GraphicsEnvironment"/>
    <property name="java.endorsed.dirs" value="C:\Program Files\Java\jdk1.7.0_10\jre\lib\endorsed"/>
    <property name="os.arch" value="amd64"/>
    <property name="java.io.tmpdir" value="C:\Users\zera\AppData\Local\Temp\"/>
    <property name="line.separator" value="&#10;"/>
    <property name="java.vm.specification.vendor" value="Oracle Corporation"/>
    <property name="user.variant" value=""/>
    <property name="os.name" value="Windows 7"/>
    <property name="classworlds.conf" value="C:\apache-maven-3.3.1\bin\..\bin\m2.conf"/>
    <property name="sun.jnu.encoding" value="Cp1252"/>
    <property name="java.library.path" value="C:\Program Files\Java\jdk1.7.0_10\bin;C:\Windows\Sun\Java\bin;C:\Windows\system32;C:\Windows;C:\Program Files (x86)\Pololu\Maestro\bin;C:\Users\zera\Desktop\SFML-1.6\include;C:\Users\zera\Desktop\SFML-1.6\lib;C:\Program Files\Common Files\Microsoft Shared\Windows Live;C:\Program Files (x86)\Common Files\Microsoft Shared\Windows Live;C:\Windows\system32;C:\Windows;C:\Windows\System32\Wbem;C:\Windows\System32\WindowsPowerShell\v1.0\;C:\Program Files (x86)\Windows Live\Shared;C:\Program Files (x86)\Microsoft SQL Server\100\Tools\Binn\VSShell\Common7\IDE\;C:\Program Files (x86)\Microsoft SQL Server\100\Tools\Binn\;C:\Program Files\Microsoft SQL Server\100\Tools\Binn\;C:\Program Files (x86)\Microsoft SQL Server\100\DTS\Binn\;C:\Program Files\Microsoft SQL Server\100\DTS\Binn\;C:\Program Files (x86)\CodeBlocks\MinGW\bin;C:\Program Files\Microsoft SQL Server\110\Tools\Binn\;C:\Program Files (x86)\MATLAB\MATLAB Compiler Runtime\v715\runtime\win32;C:\Program Files (x86)\Skype\Phone\;C:\apache-maven-3.3.1\bin;."/>
    <property name="java.specification.name" value="Java Platform API Specification"/>
    <property name="java.class.version" value="51.0"/>
    <property name="sun.management.compiler" value="HotSpot 64-Bit Tiered Compilers"/>
    <property name="os.version" value="6.1"/>
    <property name="user.home" value="C:\Users\zera"/>
    <property name="user.timezone" value="America/New_York"/>
    <property name="java.awt.printerjob" value="sun.awt.windows.WPrinterJob"/>
    <property name="java.specification.version" value="1.7"/>
    <property name="file.encoding" value="Cp1252"/>
    <property name="user.name" value="zera"/>
    <property name="java.class.path" value="C:\apache-maven-3.3.1\bin\..\boot\plexus-classworlds-2.5.2.jar"/>
    <property name="java.vm.specification.version" value="1.7"/>
    <property name="sun.arch.data.model" value="64"/>
    <property name="java.home" value="C:\Program Files\Java\jdk1.7.0_10\jre"/>
    <property name="sun.java.command" value="org.codehaus.plexus.classworlds.launcher.Launcher clean verify"/>
    <property name="java.specification.vendor" value="Oracle Corporation"/>
    <property name="user.language" value="en"/>
    <property name="awt.toolkit" value="sun.awt.windows.WToolkit"/>
    <property name="java.vm.info" value="mixed mode"/>
    <property name="java.version" value="1.7.0_10"/>
    <property name="java.ext.dirs" value="C:\Program Files\Java\jdk1.7.0_10\jre\lib\ext;C:\Windows\Sun\Java\lib\ext"/>
    <property name="sun.boot.class.path" value="C:\Program Files\Java\jdk1.7.0_10\jre\lib\resources.jar;C:\Program Files\Java\jdk1.7.0_10\jre\lib\rt.jar;C:\Program Files\Java\jdk1.7.0_10\jre\lib\sunrsasign.jar;C:\Program Files\Java\jdk1.7.0_10\jre\lib\jsse.jar;C:\Program Files\Java\jdk1.7.0_10\jre\lib\jce.jar;C:\Program Files\Java\jdk1.7.0_10\jre\lib\charsets.jar;C:\Program Files\Java\jdk1.7.0_10\jre\lib\jfr.jar;C:\Program Files\Java\jdk1.7.0_10\jre\classes"/>
    <property name="java.vendor" value="Oracle Corporation"/>
    <property name="maven.home" value="C:\apache-maven-3.3.1\bin\.."/>
    <property name="file.separator" value="\"/>
    <property name="java.vendor.url.bug" value="http://bugreport.sun.com/bugreport/"/>
    <property name="sun.cpu.endian" value="little"/>
    <property name="sun.io.unicode.encoding" value="UnicodeLittle"/>
    <property name="sun.desktop" value="windows"/>
    <property name="sun.cpu.isalist" value="amd64"/>
  </properties>
  <testcase name="testChangePickupDate" classname="project.warehouse_manager.UnitTest" time="0.001"/>
  <testcase name="testGetAllLargeWarehouseUnits" classname="project.warehouse_manager.UnitTest" time="0"/>
  <testcase name="testGetEmptyUnitsInLarge" classname="project.warehouse_manager.UnitTest" time="0"/>
  <testcase name="testGetEmptyUnitsInSmall" classname="project.warehouse_manager.UnitTest" time="0"/>
  <testcase name="testPurgeSmall" classname="project.warehouse_manager.UnitTest" time="0"/>
  <testcase name="testEmptyUnitByCustomer" classname="project.warehouse_manager.UnitTest" time="0.009"/>
  <testcase name="testDisplayLargeWarehouseData" classname="project.warehouse_manager.UnitTest" time="0.009"/>
  <testcase name="testGetNumberOfUnitsOwnedInSmallByCustomerId" classname="project.warehouse_manager.UnitTest" time="0.002"/>
  <testcase name="testTotalUnitsByCustomer" classname="project.warehouse_manager.UnitTest" time="0.001"/>
  <testcase name="testDisplaySmallWarehouseData" classname="project.warehouse_manager.UnitTest" time="0.003"/>
  <testcase name="testGetCustomerUnitsInLarge" classname="project.warehouse_manager.UnitTest" time="0.001"/>
  <testcase name="testGetCustomerUnitsInSmall" classname="project.warehouse_manager.UnitTest" time="0.001"/>
  <testcase name="testGetAllSmallWarehouseUnits" classname="project.warehouse_manager.UnitTest" time="0.002"/>
  <testcase name="testFillUnit" classname="project.warehouse_manager.UnitTest" time="0.01"/>
  <testcase name="testUnitsById" classname="project.warehouse_manager.UnitTest" time="0.001"/>
  <testcase name="testRepopulateTables" classname="project.warehouse_manager.UnitTest" time="0.373"/>
  <testcase name="testRemoveUnit" classname="project.warehouse_manager.UnitTest" time="0.008"/>
  <testcase name="testGetNumberOfUnitsOwnedInLargeByCustomerId" classname="project.warehouse_manager.UnitTest" time="0.001"/>
  <testcase name="testNumberOfItemsInQueue" classname="project.warehouse_manager.UnitTest" time="0.011"/>
  <testcase name="testGetNumberOfEmptyUnitsInLarge" classname="project.warehouse_manager.UnitTest" time="0"/>
  <testcase name="testGetNumberOfEmptyUnitsInSmall" classname="project.warehouse_manager.UnitTest" time="0"/>
  <testcase name="testChangeDescription" classname="project.warehouse_manager.UnitTest" time="0.006"/>
</testsuite>